<?xml version="1.0" encoding="UTF-8"?>
<!-- Generated by org.testng.reporters.JUnitReportReporter -->
<testsuite hostname="NB057" name="com.swql.myapp.WebDriverTest4.ExampleTestMaven41" tests="4" failures="0" timestamp="1 Feb 2016 13:40:41 GMT" time="70.595" errors="0">
  <testcase name="testExample1" time="16.825" classname="com.swql.myapp.WebDriverTest4.ExampleTestMaven41"/>
  <testcase name="testExample1" time="16.239" classname="com.swql.myapp.WebDriverTest4.ExampleTestMaven41"/>
  <testcase name="testExample1" time="14.029" classname="com.swql.myapp.WebDriverTest4.ExampleTestMaven41"/>
  <testcase name="testExample1" time="23.502" classname="com.swql.myapp.WebDriverTest4.ExampleTestMaven41"/>
</testsuite> <!-- com.swql.myapp.WebDriverTest4.ExampleTestMaven41 -->
